I/O exception (java.net.SocketException) caught when processing request to {}->http://172.17.26.11:9031: Connection reset
Retrying request to {}->http://172.17.26.11:9031
I/O exception (java.net.SocketException) caught when processing request to {}->http://trip-service.cltp.com:9001: Software caused connection abort: recv failed
Retrying request to {}->http://trip-service.cltp.com:9001
I/O exception (java.net.SocketException) caught when processing request to {}->http://172.17.26.11:9031: Connection reset
Retrying request to {}->http://172.17.26.11:9031
I/O exception (java.net.SocketException) caught when processing request to {}->http://trip-service.cltp.com:9001: Software caused connection abort: recv failed
Retrying request to {}->http://trip-service.cltp.com:9001
I/O exception (java.net.SocketException) caught when processing request to {}->http://trip-service.cltp.com:9001: Software caused connection abort: recv failed
Retrying request to {}->http://trip-service.cltp.com:9001
I/O exception (java.net.SocketException) caught when processing request to {}->http://trip-service.cltp.com:9001: Software caused connection abort: recv failed
Retrying request to {}->http://trip-service.cltp.com:9001
CCAmex  : T9313608100
CC  : T8544404916
CC  : T9631530789
CC  : T5083792568
CC  : T4962755066
CC  : T4698851034
CCAmex  : T9153291254
CC  : T3829198968
CCAmex  : T8720049499
CC  : T909238883
Activity B2C CC : T4563890360
Activity B2C CC : T2480892282
Activity Mobile CC : T9508291541
Activity Mobile CC : T2486228544
Air Agency CC : T592669944
Air Agency CC : T9705549643
CORP AIR CC : T3820678615
CORP AIR CC : T1412359322
Air Mobile CC : T7271440781
Air Mobile CC : T7458322420
AirIntl B2C CC : T7717269349
AirIntl B2C CC : T9049461209
CT Wallet + CC  : T8936304470
CT Wallet + CC  : T7657058564
CT Wallet + CC  : T5269760941
CT Wallet + CC  : T5881212993
Hotel Agency CC : T6993394012
Hotel Agency CC : T427418388
Hotel B2C CC : T3243426841
Hotel B2C CC : T8915229230
Hotel CORP CC : T3300734295
Hotel CORP CC : T762630871
Hotel Mobile CC : T1132044603
Hotel Mobile CC : T838203709
CC  : T175684753
GV + CC+ CT WALLET   : T2835646423
GV + CC+ CT WALLET   : T770977400
GV + CC  : T3754019364
GV + CC+ CT WALLET   : T7073741175
GV + CC  : T1604197833
Activity B2C CC : T7011761348
CC  : T299480289
Activity B2C CC : T6553830900
Activity B2C CC : T7374684656
